<?xml version="1.0" encoding="UTF-8"?>
<!-- Generated by org.testng.reporters.JUnitReportReporter -->
<testsuite hostname="RahulEvo" name="com.practice.Test.Ng" tests="1" failures="0" timestamp="13 Jul 2018 08:16:01 GMT" time="14.399" errors="0">
  <testcase name="run" time="14.399" classname="com.practice.Test.Ng"/>
</testsuite> <!-- com.practice.Test.Ng -->
