<?xml version="1.0" encoding="UTF-8"?>
<!-- Generated by org.testng.reporters.JUnitReportReporter -->
<testsuite hostname="RahulEvo" name="com.practice.Test.select" tests="1" failures="0" timestamp="13 Jul 2018 07:18:47 GMT" time="9.173" errors="0">
  <testcase name="selectData" time="9.173" classname="com.practice.Test.select"/>
</testsuite> <!-- com.practice.Test.select -->
