<?xml version="1.0" encoding="UTF-8"?>
<!-- Generated by org.testng.reporters.JUnitReportReporter -->
<testsuite hostname="RahulEvo" name="com.practice.Test.selenium" tests="1" failures="0" timestamp="25 Jul 2018 06:09:26 GMT" time="15.557" errors="0">
  <testcase name="data" time="15.557" classname="com.practice.Test.selenium"/>
</testsuite> <!-- com.practice.Test.selenium -->
