<?xml version="1.0" encoding="UTF-8"?>
<!-- Generated by org.testng.reporters.JUnitReportReporter -->
<testsuite hostname="RahulEvo" name="com.practice.Test.checkbox" tests="1" failures="0" timestamp="13 Jul 2018 07:18:47 GMT" time="4.283" errors="0">
  <testcase name="checkboxData" time="4.283" classname="com.practice.Test.checkbox"/>
</testsuite> <!-- com.practice.Test.checkbox -->
