<?xml version="1.0" encoding="UTF-8"?>
<!-- Generated by org.testng.reporters.JUnitReportReporter -->
<testsuite hostname="RahulEvo" name="com.practice.Test.Flipkart" tests="1" failures="0" timestamp="13 Jul 2018 07:18:47 GMT" time="21.952" errors="0">
  <testcase name="flipkartTest" time="21.952" classname="com.practice.Test.Flipkart"/>
</testsuite> <!-- com.practice.Test.Flipkart -->
