<?xml version="1.0" encoding="UTF-8"?>
<!-- Generated by org.testng.reporters.JUnitReportReporter -->
<testsuite hostname="RahulEvo" name="com.practice.Test.Sbi" tests="1" failures="0" timestamp="16 Jul 2018 10:37:10 GMT" time="25.935" errors="0">
  <testcase name="sbiClick" time="25.935" classname="com.practice.Test.Sbi"/>
</testsuite> <!-- com.practice.Test.Sbi -->
