<?xml version="1.0" encoding="UTF-8"?>
<!-- Generated by org.testng.reporters.JUnitReportReporter -->
<testsuite hostname="RahulEvo" name="com.practice.Test.auto" tests="1" failures="0" timestamp="12 Jul 2018 15:57:09 GMT" time="26.573" errors="0">
  <testcase name="goggle" time="26.573" classname="com.practice.Test.auto"/>
</testsuite> <!-- com.practice.Test.auto -->
