<?xml version="1.0" encoding="UTF-8"?>
<!-- Generated by org.testng.reporters.JUnitReportReporter -->
<testsuite hostname="RahulEvo" name="com.practice.Test.selenium" tests="1" failures="0" timestamp="27 Jul 2018 08:21:31 GMT" time="36.663" errors="0">
  <testcase name="window" time="36.663" classname="com.practice.Test.selenium"/>
</testsuite> <!-- com.practice.Test.selenium -->
