<?xml version="1.0" encoding="UTF-8"?>
<!-- Generated by org.testng.reporters.JUnitReportReporter -->
<testsuite hostname="RahulEvo" name="com.practice.Test.Easy" tests="1" failures="0" timestamp="13 Jul 2018 07:18:47 GMT" time="13.515" errors="0">
  <testcase name="easyTrip" time="13.515" classname="com.practice.Test.Easy"/>
</testsuite> <!-- com.practice.Test.Easy -->
