<?xml version="1.0" encoding="UTF-8"?>
<!-- Generated by org.testng.reporters.JUnitReportReporter -->
<testsuite name="com.practice.Test.grid" tests="1" time="60.111" ignored="0" failures="0" timestamp="04 Jul 2018 05:04:15 GMT" skipped="0" hostname="RahulEvo" errors="0">
  <testcase name="run" time="60.111" classname="com.practice.Test.grid"/>
</testsuite> <!-- com.practice.Test.grid -->
