<?xml version="1.0" encoding="UTF-8"?>
<!-- Generated by org.testng.reporters.JUnitReportReporter -->
<testsuite hostname="RahulEvo" name="com.practice.Test.Screnshot" tests="1" failures="0" timestamp="13 Jul 2018 07:56:27 GMT" time="26.067" errors="0">
  <testcase name="takeScrenshot" time="26.067" classname="com.practice.Test.Screnshot"/>
</testsuite> <!-- com.practice.Test.Screnshot -->
