<?xml version="1.0" encoding="UTF-8"?>
<!-- Generated by org.testng.reporters.JUnitReportReporter -->
<testsuite hostname="RahulEvo" name="com.practice.Test.Window" tests="1" failures="0" timestamp="13 Jul 2018 07:18:47 GMT" time="9.222" errors="0">
  <testcase name="windows" time="9.222" classname="com.practice.Test.Window"/>
</testsuite> <!-- com.practice.Test.Window -->
