<?xml version="1.0" encoding="UTF-8"?>
<!-- Generated by org.testng.reporters.JUnitReportReporter -->
<testsuite hostname="RahulEvo" name="com.practice.Test.Demo" tests="2" failures="0" timestamp="13 Jul 2018 07:18:47 GMT" time="32.994" errors="0">
  <testcase name="run" time="14.364" classname="com.practice.Test.Demo"/>
  <testcase name="market" time="18.630" classname="com.practice.Test.Demo"/>
</testsuite> <!-- com.practice.Test.Demo -->
