<?xml version="1.0" encoding="UTF-8"?>
<!-- Generated by org.testng.reporters.JUnitReportReporter -->
<testsuite name="com.practice.Test.param" tests="1" time="26.724" ignored="0" failures="0" timestamp="03 Jul 2018 01:15:59 GMT" skipped="0" hostname="RahulEvo" errors="0">
  <testcase name="data" time="26.724" classname="com.practice.Test.param"/>
</testsuite> <!-- com.practice.Test.param -->
