<?xml version="1.0" encoding="UTF-8"?>
<!-- Generated by org.testng.reporters.JUnitReportReporter -->
<testsuite hostname="RahulEvo" name="com.practice.Test.New" tests="1" failures="0" timestamp="19 Jul 2018 10:10:07 GMT" time="14.807" errors="0">
  <testcase name="sleep" time="14.807" classname="com.practice.Test.New"/>
</testsuite> <!-- com.practice.Test.New -->
