<?xml version="1.0" encoding="UTF-8"?>
<!-- Generated by org.testng.reporters.JUnitReportReporter -->
<testsuite hostname="RahulEvo" name="com.practice.Test.Mukesh" tests="1" failures="0" timestamp="16 Jul 2018 09:21:47 GMT" time="21.651" errors="0">
  <testcase name="mukeshTable" time="21.651" classname="com.practice.Test.Mukesh"/>
</testsuite> <!-- com.practice.Test.Mukesh -->
