<?xml version="1.0" encoding="UTF-8"?>
<!-- Generated by org.testng.reporters.JUnitReportReporter -->
<testsuite hostname="RahulEvo" name="com.practice.Test.Citi" tests="1" failures="0" timestamp="16 Jul 2018 11:06:01 GMT" time="27.545" errors="0">
  <testcase name="citiData" time="27.545" classname="com.practice.Test.Citi"/>
</testsuite> <!-- com.practice.Test.Citi -->
