<?xml version="1.0" encoding="UTF-8"?>
<!-- Generated by org.testng.reporters.JUnitReportReporter -->
<testsuite hostname="RahulEvo" name="com.practice.Test.para" tests="2" failures="0" timestamp="13 Jul 2018 07:18:47 GMT" time="27.178" errors="0">
  <testcase name="run" time="11.522" classname="com.practice.Test.para"/>
  <testcase name="market" time="15.656" classname="com.practice.Test.para"/>
</testsuite> <!-- com.practice.Test.para -->
