<?xml version="1.0" encoding="UTF-8"?>
<!-- Generated by org.testng.reporters.JUnitReportReporter -->
<testsuite hostname="RahulEvo" name="com.practice.Test.Market" tests="1" failures="0" timestamp="21 Jul 2018 11:11:08 GMT" time="18.110" errors="0">
  <testcase name="run" time="18.110" classname="com.practice.Test.Market"/>
</testsuite> <!-- com.practice.Test.Market -->
